AS:  chip/gnu/stm32_vectors.S
CC:  string/lib_strncpy.c
AS:  armv7-m/gnu/up_saveusercontext.S
CC:  nsh_mmcmds.c
AS:  armv7-m/gnu/up_fullcontextrestore.S
CC:  string/lib_strndup.c
AS:  armv7-m/gnu/up_switchcontext.S
AS:  armv7-m/gnu/up_testset.S
AS:  armv7-m/gnu/vfork.S
AS:  armv7-m/gnu/up_exception.S
CC:  string/lib_strcasestr.c
AS:  armv7-m/gnu/up_fpu.S
CC:  nsh_timcmds.c
CC:  chip/stm32_allocateheap.c
CC:  string/lib_strpbrk.c
CC:  string/lib_strrchr.c
CC:  serial/serial_io.c
CC:  chip/stm32_start.c
CC:  string/lib_strspn.c
CC:  string/lib_strstr.c
CC:  nsh_envcmds.c
CC:  chip/stm32_rcc.c
CC:  string/lib_strtok.c
CC:  serial/lowconsole.c
CC:  string/lib_strtokr.c
CC:  string/lib_strerrorr.c
CC:  chip/stm32_lse.c
CC:  string/lib_explicit_bzero.c
CC:  nsh_syscmds.c
CC:  spi/spi_transfer.c
CC:  symtab/symtab_findbyname.c
CC:  chip/stm32_lsi.c
CC:  chip/stm32_gpio.c
CC:  symtab/symtab_findbyvalue.c
CC:  nsh_dbgcmds.c
CC:  symtab/symtab_findorderedbyname.c
CC:  syslog/vsyslog.c
CC:  chip/stm32_exti_gpio.c
CC:  symtab/symtab_findorderedbyvalue.c
CC:  syslog/lib_syslog.c
CC:  syslog/syslog_stream.c
CC:  chip/stm32_flash.c
CC:  syslog/lib_setlogmask.c
CC:  nsh_session.c
CC:  termios/lib_cfgetspeed.c
CC:  termios/lib_cfsetspeed.c
CC:  syslog/syslog_emergstream.c
CC:  nsh_fsutils.c
CC:  chip/stm32_irq.c
CC:  termios/lib_isatty.c
CC:  termios/lib_tcflush.c
CC:  syslog/syslog_channel.c
CC:  termios/lib_tcgetattr.c
CC:  nsh_builtin.c
CC:  chip/stm32_dma.c
CC:  termios/lib_tcsetattr.c
CC:  termios/lib_tcdrain.c
CC:  syslog/syslog_putc.c
CC:  nsh_romfsetc.c
CC:  time/lib_strftime.c
CC:  nsh_mntcmds.c
CC:  chip/stm32_lowputc.c
CC:  time/lib_calendar2utc.c
CC:  syslog/syslog_write.c
CC:  time/lib_daysbeforemonth.c
CC:  chip/stm32_serial.c
CC:  time/lib_gettimeofday.c
CC:  time/lib_isleapyear.c
CC:  nsh_consolemain.c
CC:  syslog/syslog_force.c
CC:  time/lib_settimeofday.c
CC:  nsh_test.c
CC:  time/lib_time.c
CC:  syslog/syslog_flush.c
CC:  time/lib_difftime.c
CC:  time/lib_mktime.c
CC:  syslog/syslog_initialize.c
CC:  chip/stm32_spi.c
AR:   nsh_init.o nsh_parse.o nsh_console.o nsh_script.o nsh_system.o nsh_command.o nsh_fscmds.o nsh_ddcmd.o nsh_proccmds.o nsh_mmcmds.o nsh_timcmds.o nsh_envcmds.o nsh_syscmds.o nsh_dbgcmds.o nsh_session.o nsh_fsutils.o nsh_builtin.o nsh_romfsetc.o nsh_mntcmds.o nsh_consolemain.o nsh_test.o
CC:  time/lib_gmtime.c
CC:  gnu/gnu_cxxinitialize.c
CC:  time/lib_gmtimer.c
AR:    bin/gnu_cxxinitialize.o
CC:  syslog/syslog_device.c
CC:  time/lib_dayofweek.c
CC:  time/lib_asctime.c
CC:  chip/stm32_i2s.c
CC:  time/lib_asctimer.c
CC:  chip/stm32_sdio.c
CC:  time/lib_ctime.c
CC:  time/lib_ctimer.c
CC:  syslog/syslog_consolechannel.c
CC:  unistd/lib_access.c
CC:  chip/stm32_tim.c
CC:  unistd/lib_swab.c
CC:  unistd/lib_getopt.c
CC:  timers/watchdog.c
CC:  unistd/lib_getoptargp.c
CC:  chip/stm32_waste.c
CC:  unistd/lib_getoptindp.c
CC:  chip/stm32_ccm.c
CC:  unistd/lib_getoptoptp.c
CC:  chip/stm32_uid.c
CC:  unistd/lib_chdir.c
CC:  usbhost/hid_parser.c
CC:  chip/stm32_capture.c
CC:  unistd/lib_getcwd.c
CC:  unistd/lib_pipe.c
CC:  unistd/lib_sleep.c
CC:  chip/stm32_timerisr.c
CC:  unistd/lib_usleep.c
AR:   bin/arch_memcpy.o  bin/lib_readdirr.o  bin/lib_telldir.o  bin/lib_fixedmath.o  bin/lib_b16sin.o  bin/lib_b16cos.o  bin/lib_b16atan2.o  bin/lib_ubsqrt.o  bin/lib_imaxabs.o  bin/lib_strtoimax.o  bin/lib_strtoumax.o  bin/lib_basename.o  bin/lib_dirname.o  bin/lib_stream.o  bin/lib_utsname.o  bin/lib_xorshift128.o  bin/lib_tea_encrypt.o  bin/lib_tea_decrypt.o  bin/lib_filesem.o  bin/lib_umul32.o  bin/lib_umul64.o  bin/lib_umul32x64.o  bin/lib_uadd32x64.o  bin/lib_uadd64.o  bin/lib_usub64x32.o  bin/lib_usub64.o  bin/lib_sendfile.o  bin/lib_streamsem.o  bin/lib_mkfifo.o  bin/lib_crc64.o  bin/lib_crc32.o  bin/lib_crc16.o  bin/lib_crc8.o  bin/lib_dumpbuffer.o  bin/lib_match.o  bin/lib_addrconfig.o  bin/lib_etherntoa.o  bin/lib_htons.o  bin/lib_htonl.o  bin/lib_inetaddr.o  bin/lib_inetntoa.o  bin/lib_inetntop.o  bin/lib_inetpton.o  bin/pthread_attr_init.o  bin/pthread_attr_destroy.o  bin/pthread_attr_setschedpolicy.o  bin/pthread_attr_getschedpolicy.o  bin/pthread_attr_setinheritsched.o  bin/pthread_attr_getinheritsched.o  bin/pthread_attr_setstacksize.o  bin/pthread_attr_getstacksize.o  bin/pthread_attr_setschedparam.o  bin/pthread_attr_getschedparam.o  bin/pthread_barrierattr_init.o  bin/pthread_barrierattr_destroy.o  bin/pthread_barrierattr_getpshared.o  bin/pthread_barrierattr_setpshared.o  bin/pthread_barrierinit.o  bin/pthread_barrierdestroy.o  bin/pthread_barrierwait.o  bin/pthread_condattr_init.o  bin/pthread_condattr_destroy.o  bin/pthread_condinit.o  bin/pthread_conddestroy.o  bin/pthread_mutexattr_init.o  bin/pthread_mutexattr_destroy.o  bin/pthread_mutexattr_getpshared.o  bin/pthread_mutexattr_setpshared.o  bin/pthread_mutexattr_setprotocol.o  bin/pthread_mutexattr_getprotocol.o  bin/pthread_mutexattr_settype.o  bin/pthread_mutexattr_gettype.o  bin/pthread_mutexattr_setrobust.o  bin/pthread_mutexattr_getrobust.o  bin/pthread_setcancelstate.o  bin/pthread_setcanceltype.o  bin/pthread_testcancel.o  bin/pthread_rwlock.o  bin/pthread_rwlock_rdlock.o  bin/pthread_rwlock_wrlock.o  bin/pthread_once.o  bin/pthread_yield.o  bin/sq_addlast.o  bin/sq_addfirst.o  bin/sq_addafter.o  bin/sq_cat.o  bin/sq_rem.o  bin/sq_remlast.o  bin/sq_remfirst.o  bin/sq_remafter.o  bin/sq_count.o  bin/dq_addlast.o  bin/dq_addfirst.o  bin/dq_addafter.o  bin/dq_addbefore.o  bin/dq_cat.o  bin/dq_rem.o  bin/dq_remlast.o  bin/dq_remfirst.o  bin/dq_count.o  bin/sched_getprioritymax.o  bin/sched_getprioritymin.o  bin/task_setcanceltype.o  bin/task_testcancel.o  bin/sem_init.o  bin/sem_getprotocol.o  bin/sem_getvalue.o  bin/sig_addset.o  bin/sig_delset.o  bin/sig_emptyset.o  bin/sig_fillset.o  bin/sig_hold.o  bin/sig_ignore.o  bin/sig_ismember.o  bin/sig_pause.o  bin/sig_raise.o  bin/sig_relse.o  bin/sig_set.o  bin/signal.o  bin/lib_psfa_addaction.o  bin/lib_psfa_addclose.o  bin/lib_psfa_adddup2.o  bin/lib_psfa_addopen.o  bin/lib_psfa_destroy.o  bin/lib_psfa_init.o  bin/lib_psa_getflags.o  bin/lib_psa_getschedparam.o  bin/lib_psa_getschedpolicy.o  bin/lib_psa_init.o  bin/lib_psa_setflags.o  bin/lib_psa_setschedparam.o  bin/lib_psa_setschedpolicy.o  bin/lib_psa_getsigmask.o  bin/lib_psa_setsigmask.o  bin/lib_psa_getstacksize.o  bin/lib_psa_setstacksize.o  bin/lib_fileno.o  bin/lib_printf.o  bin/lib_sprintf.o  bin/lib_asprintf.o  bin/lib_snprintf.o  bin/lib_libsprintf.o  bin/lib_vsprintf.o  bin/lib_vasprintf.o  bin/lib_vsnprintf.o  bin/lib_libvsprintf.o  bin/lib_dprintf.o  bin/lib_vdprintf.o  bin/lib_meminstream.o  bin/lib_memoutstream.o  bin/lib_memsistream.o  bin/lib_memsostream.o  bin/lib_lowoutstream.o  bin/lib_zeroinstream.o  bin/lib_nullinstream.o  bin/lib_nulloutstream.o  bin/lib_sscanf.o  bin/lib_rawinstream.o  bin/lib_rawoutstream.o  bin/lib_rawsistream.o  bin/lib_rawsostream.o  bin/lib_libnoflush.o  bin/lib_libsnoflush.o  bin/lib_remove.o  bin/lib_fopen.o  bin/lib_freopen.o  bin/lib_fclose.o  bin/lib_fread.o  bin/lib_libfread.o  bin/lib_fseek.o  bin/lib_ftell.o  bin/lib_fsetpos.o  bin/lib_fgetpos.o  bin/lib_fgetc.o  bin/lib_fgets.o  bin/lib_gets_s.o  bin/lib_gets.o  bin/lib_libfgets.o  bin/lib_fwrite.o  bin/lib_libfwrite.o  bin/lib_fflush.o  bin/lib_libflushall.o  bin/lib_libfflush.o  bin/lib_rdflush.o  bin/lib_wrflush.o  bin/lib_fputc.o  bin/lib_puts.o  bin/lib_fputs.o  bin/lib_ungetc.o  bin/lib_vprintf.o  bin/lib_fprintf.o  bin/lib_vfprintf.o  bin/lib_stdinstream.o  bin/lib_stdoutstream.o  bin/lib_stdsistream.o  bin/lib_stdsostream.o  bin/lib_perror.o  bin/lib_feof.o  bin/lib_ferror.o  bin/lib_clearerr.o  bin/lib_tempnam.o  bin/lib_tmpnam.o  bin/lib_setbuf.o  bin/lib_setvbuf.o  bin/lib_dtoa.o  bin/lib_abs.o  bin/lib_abort.o  bin/lib_div.o  bin/lib_ldiv.o  bin/lib_lldiv.o  bin/lib_itoa.o  bin/lib_labs.o  bin/lib_llabs.o  bin/lib_bsearch.o  bin/lib_rand.o  bin/lib_qsort.o  bin/lib_srand.o  bin/lib_strtol.o  bin/lib_strtoll.o  bin/lib_strtoul.o  bin/lib_strtoull.o  bin/lib_strtod.o  bin/lib_strtof.o  bin/lib_strtold.o  bin/lib_checkbase.o  bin/lib_mktemp.o  bin/lib_mkstemp.o  bin/lib_ffs.o  bin/lib_ffsl.o  bin/lib_ffsll.o  bin/lib_fls.o  bin/lib_flsl.o  bin/lib_flsll.o  bin/lib_isbasedigit.o  bin/lib_memset.o  bin/lib_memchr.o  bin/lib_memccpy.o  bin/lib_memcmp.o  bin/lib_memmove.o  bin/lib_skipspace.o  bin/lib_stpcpy.o  bin/lib_strcasecmp.o  bin/lib_strcat.o  bin/lib_strchr.o  bin/lib_strcpy.o  bin/lib_strcmp.o  bin/lib_strcspn.o  bin/lib_strdup.o  bin/lib_strerror.o  bin/lib_strlen.o  bin/lib_strnlen.o  bin/lib_strncasecmp.o  bin/lib_strncat.o  bin/lib_strncmp.o  bin/lib_strncpy.o  bin/lib_strndup.o  bin/lib_strcasestr.o  bin/lib_strpbrk.o  bin/lib_strrchr.o  bin/lib_strspn.o  bin/lib_strstr.o  bin/lib_strtok.o  bin/lib_strtokr.o  bin/lib_strerrorr.o  bin/lib_explicit_bzero.o  bin/symtab_findbyname.o  bin/symtab_findbyvalue.o  bin/symtab_findorderedbyname.o  bin/symtab_findorderedbyvalue.o  bin/lib_syslog.o  bin/lib_setlogmask.o  bin/lib_cfgetspeed.o  bin/lib_cfsetspeed.o  bin/lib_isatty.o  bin/lib_tcflush.o  bin/lib_tcgetattr.o  bin/lib_tcsetattr.o  bin/lib_tcdrain.o  bin/lib_strftime.o  bin/lib_calendar2utc.o  bin/lib_daysbeforemonth.o  bin/lib_gettimeofday.o  bin/lib_isleapyear.o  bin/lib_settimeofday.o  bin/lib_time.o  bin/lib_difftime.o  bin/lib_mktime.o  bin/lib_gmtime.o  bin/lib_gmtimer.o  bin/lib_dayofweek.o  bin/lib_asctime.o  bin/lib_asctimer.o  bin/lib_ctime.o  bin/lib_ctimer.o  bin/lib_access.o  bin/lib_swab.o  bin/lib_getopt.o  bin/lib_getoptargp.o  bin/lib_getoptindp.o  bin/lib_getoptoptp.o  bin/lib_chdir.o  bin/lib_getcwd.o  bin/lib_pipe.o  bin/lib_sleep.o  bin/lib_usleep.o
CC:  dev_null.c
CC:  chip/stm32f40xxx_i2c.c
CC:  dev_zero.c
CC:  ramdisk.c
AR:   bchlib_setup.o bchlib_teardown.o bchlib_read.o bchlib_write.o bchlib_cache.o bchlib_sem.o bchdev_register.o bchdev_unregister.o bchdev_driver.o i2c_read.o i2c_write.o i2c_writeread.o losetup.o ftl.o mtd_config.o mtd_partition.o mtd_procfs.o pipe.o fifo.o pipe_common.o serial.o serial_io.o lowconsole.o spi_transfer.o vsyslog.o syslog_stream.o syslog_emergstream.o syslog_channel.o syslog_putc.o syslog_write.o syslog_force.o syslog_flush.o syslog_initialize.o syslog_device.o syslog_consolechannel.o watchdog.o hid_parser.o dev_null.o dev_zero.o ramdisk.o
CC:  chip/stm32_idle.c
CC:  chip/stm32_pmstop.c
CC:  chip/stm32_pmstandby.c
CC:  chip/stm32_pmsleep.c
CC:  chip/stm32_pminitialize.c
CC:  chip/stm32_pwr.c
CC:  chip/stm32_exti_pwr.c
CC:  chip/stm32_rtc.c
CC:  chip/stm32_wwdg.c
CC:  armv7-m/up_assert.c
CC:  armv7-m/up_blocktask.c
CC:  armv7-m/up_copyfullstate.c
CC:  common/up_createstack.c
CC:  common/up_mdelay.c
CC:  common/up_udelay.c
CC:  common/up_exit.c
CC:  common/up_initialize.c
CC:  armv7-m/up_initialstate.c
CC:  common/up_interruptcontext.c
CC:  armv7-m/up_memfault.c
CC:  common/up_modifyreg8.c
CC:  common/up_modifyreg16.c
CC:  common/up_modifyreg32.c
CC:  armv7-m/up_releasepending.c
CC:  common/up_releasestack.c
CC:  armv7-m/up_reprioritizertr.c
CC:  armv7-m/up_schedulesigaction.c
CC:  armv7-m/up_sigdeliver.c
CC:  common/up_stackframe.c
CC:  armv7-m/up_systemreset.c
CC:  armv7-m/up_unblocktask.c
CC:  common/up_usestack.c
CC:  armv7-m/up_doirq.c
CC:  armv7-m/up_hardfault.c
CC:  armv7-m/up_svcall.c
CC:  common/up_vfork.c
CC:  armv7-m/up_vectors.c
CC:  common/up_checkstack.c
AR:  stm32_vectors.o up_saveusercontext.o up_fullcontextrestore.o up_switchcontext.o up_testset.o vfork.o up_exception.o up_fpu.o stm32_allocateheap.o stm32_start.o stm32_rcc.o stm32_lse.o stm32_lsi.o stm32_gpio.o stm32_exti_gpio.o stm32_flash.o stm32_irq.o stm32_dma.o stm32_lowputc.o stm32_serial.o stm32_spi.o stm32_i2s.o stm32_sdio.o stm32_tim.o stm32_waste.o stm32_ccm.o stm32_uid.o stm32_capture.o stm32_timerisr.o stm32f40xxx_i2c.o stm32_idle.o stm32_pmstop.o stm32_pmstandby.o stm32_pmsleep.o stm32_pminitialize.o stm32_pwr.o stm32_exti_pwr.o stm32_rtc.o stm32_wwdg.o up_assert.o up_blocktask.o up_copyfullstate.o up_createstack.o up_mdelay.o up_udelay.o up_exit.o up_initialize.o up_initialstate.o up_interruptcontext.o up_memfault.o up_modifyreg8.o up_modifyreg16.o up_modifyreg32.o up_releasepending.o up_releasestack.o up_reprioritizertr.o up_schedulesigaction.o up_sigdeliver.o up_stackframe.o up_systemreset.o up_unblocktask.o up_usestack.o up_doirq.o up_hardfault.o up_svcall.o up_vfork.o up_vectors.o up_checkstack.o
